<?xml version="1.0" encoding="UTF-8"?>
<!-- Generated by org.testng.reporters.JUnitReportReporter -->
<testsuite hostname="PSNG1090" name="com.qa.tests.TestWebService" tests="2" failures="0" timestamp="26 Mar 2019 10:29:59 GMT" time="2.504" errors="0">
  <testcase name="getApiTest" time="1.804" classname="com.qa.tests.TestWebService"/>
  <testcase name="GetApiWithHeader" time="0.700" classname="com.qa.tests.TestWebService"/>
</testsuite> <!-- com.qa.tests.TestWebService -->
