<?xml version="1.0" encoding="UTF-8"?>
<!-- Generated by org.testng.reporters.JUnitReportReporter -->
<testsuite hostname="PSNG1090" name="com.qa.tests.TestPostWebService" tests="1" failures="0" timestamp="27 Mar 2019 09:31:12 GMT" time="1.692" errors="0">
  <testcase name="testPostApi" time="1.692" classname="com.qa.tests.TestPostWebService"/>
</testsuite> <!-- com.qa.tests.TestPostWebService -->
